[2019-03-21T15:43:48.048Z] [org.springframework.boot.StartupInfoLogger] [main] [48] [INFO ] Starting DemoApplication v0.0.1-SNAPSHOT on singgih-nb with PID 7792 (H:\projek\spring-boot\spring-boot\target\spring-boot-0.0.1-SNAPSHOT.jar started by singgih in H:\projek\spring-boot\spring-boot)
[2019-03-21T15:43:48.048Z] [org.springframework.boot.SpringApplication] [main] [597] [INFO ] The following profiles are active: dev
[2019-03-21T15:43:48.048Z] [org.springframework.context.support.AbstractApplicationContext] [main] [583] [INFO ] Refreshing org.springframework.boot.context.embedded.AnnotationConfigEmbeddedWebApplicationContext@27f8302d: startup date [Thu Mar 21 15:43:48 ICT 2019]; root of context hierarchy
[2019-03-21T15:43:48.048Z] [org.hibernate.validator.internal.util.Version] [background-preinit] [30] [INFO ] HV000001: Hibernate Validator 5.3.5.Final
[2019-03-21T15:43:50.050Z] [org.springframework.boot.context.embedded.tomcat.TomcatEmbeddedServletContainer] [main] [89] [INFO ] Tomcat initialized with port(s): 9091 (http)
[2019-03-21T15:43:50.050Z] [org.apache.juli.logging.DirectJDKLog] [main] [179] [INFO ] Starting service [Tomcat]
[2019-03-21T15:43:50.050Z] [org.apache.juli.logging.DirectJDKLog] [main] [179] [INFO ] Starting Servlet Engine: Apache Tomcat/8.5.23
[2019-03-21T15:43:50.050Z] [org.apache.juli.logging.DirectJDKLog] [localhost-startStop-1] [179] [INFO ] Initializing Spring embedded WebApplicationContext
[2019-03-21T15:43:50.050Z] [org.springframework.boot.context.embedded.EmbeddedWebApplicationContext] [localhost-startStop-1] [276] [INFO ] Root WebApplicationContext: initialization completed in 2264 ms
[2019-03-21T15:43:50.050Z] [org.springframework.boot.web.servlet.ServletRegistrationBean] [localhost-startStop-1] [190] [INFO ] Mapping servlet: 'dispatcherServlet' to [/]
[2019-03-21T15:43:50.050Z] [org.springframework.boot.web.servlet.AbstractFilterRegistrationBean] [localhost-startStop-1] [258] [INFO ] Mapping filter: 'characterEncodingFilter' to: [/*]
[2019-03-21T15:43:50.050Z] [org.springframework.boot.web.servlet.AbstractFilterRegistrationBean] [localhost-startStop-1] [258] [INFO ] Mapping filter: 'hiddenHttpMethodFilter' to: [/*]
[2019-03-21T15:43:50.050Z] [org.springframework.boot.web.servlet.AbstractFilterRegistrationBean] [localhost-startStop-1] [258] [INFO ] Mapping filter: 'httpPutFormContentFilter' to: [/*]
[2019-03-21T15:43:50.050Z] [org.springframework.boot.web.servlet.AbstractFilterRegistrationBean] [localhost-startStop-1] [258] [INFO ] Mapping filter: 'requestContextFilter' to: [/*]
[2019-03-21T15:43:51.051Z] [org.springframework.web.servlet.mvc.method.annotation.RequestMappingHandlerAdapter] [main] [534] [INFO ] Looking for @ControllerAdvice: org.springframework.boot.context.embedded.AnnotationConfigEmbeddedWebApplicationContext@27f8302d: startup date [Thu Mar 21 15:43:48 ICT 2019]; root of context hierarchy
[2019-03-21T15:43:51.051Z] [org.springframework.web.servlet.handler.AbstractHandlerMethodMapping$MappingRegistry] [main] [543] [INFO ] Mapped "{[/]}" onto public java.lang.String com.singgih.spring.boot.DemoApplication.hello()
[2019-03-21T15:43:51.051Z] [org.springframework.web.servlet.handler.AbstractHandlerMethodMapping$MappingRegistry] [main] [543] [INFO ] Mapped "{[/error]}" onto public org.springframework.http.ResponseEntity<java.util.Map<java.lang.String, java.lang.Object>> org.springframework.boot.autoconfigure.web.BasicErrorController.error(javax.servlet.http.HttpServletRequest)
[2019-03-21T15:43:51.051Z] [org.springframework.web.servlet.handler.AbstractHandlerMethodMapping$MappingRegistry] [main] [543] [INFO ] Mapped "{[/error],produces=[text/html]}" onto public org.springframework.web.servlet.ModelAndView org.springframework.boot.autoconfigure.web.BasicErrorController.errorHtml(javax.servlet.http.HttpServletRequest,javax.servlet.http.HttpServletResponse)
[2019-03-21T15:43:51.051Z] [org.springframework.web.servlet.handler.AbstractUrlHandlerMapping] [main] [362] [INFO ] Mapped URL path [/webjars/**] onto handler of type [class org.springframework.web.servlet.resource.ResourceHttpRequestHandler]
[2019-03-21T15:43:51.051Z] [org.springframework.web.servlet.handler.AbstractUrlHandlerMapping] [main] [362] [INFO ] Mapped URL path [/**] onto handler of type [class org.springframework.web.servlet.resource.ResourceHttpRequestHandler]
[2019-03-21T15:43:51.051Z] [org.springframework.web.servlet.handler.AbstractUrlHandlerMapping] [main] [362] [INFO ] Mapped URL path [/**/favicon.ico] onto handler of type [class org.springframework.web.servlet.resource.ResourceHttpRequestHandler]
[2019-03-21T15:43:51.051Z] [org.springframework.jmx.export.MBeanExporter] [main] [431] [INFO ] Registering beans for JMX exposure on startup
[2019-03-21T15:43:51.051Z] [org.apache.juli.logging.DirectJDKLog] [main] [179] [INFO ] Initializing ProtocolHandler ["http-nio-9091"]
[2019-03-21T15:43:51.051Z] [org.apache.juli.logging.DirectJDKLog] [main] [179] [INFO ] Starting ProtocolHandler ["http-nio-9091"]
[2019-03-21T15:43:51.051Z] [org.apache.juli.logging.DirectJDKLog] [main] [179] [INFO ] Using a shared selector for servlet write/read
[2019-03-21T15:43:51.051Z] [org.springframework.boot.context.embedded.tomcat.TomcatEmbeddedServletContainer] [main] [201] [INFO ] Tomcat started on port(s): 9091 (http)
[2019-03-21T15:43:51.051Z] [org.springframework.boot.StartupInfoLogger] [main] [57] [INFO ] Started DemoApplication in 4.046 seconds (JVM running for 4.8)
[2019-03-21T17:02:15.015Z] [org.springframework.context.support.AbstractApplicationContext] [Thread-3] [984] [INFO ] Closing org.springframework.boot.context.embedded.AnnotationConfigEmbeddedWebApplicationContext@27f8302d: startup date [Thu Mar 21 15:43:48 ICT 2019]; root of context hierarchy
[2019-03-21T17:02:15.015Z] [org.springframework.jmx.export.MBeanExporter] [Thread-3] [449] [INFO ] Unregistering JMX-exposed beans on shutdown
